2025-11-13T11:31:28.404-0600 [DEBUG] [org.gradle.launcher.daemon.bootstrap.DaemonMain] Assuming the daemon was started with following jvm opts: [-Xmx2048m, -Dfile.encoding=UTF-8, -Duser.country=SV, -Duser.language=es, -Duser.variant]
2025-11-13T11:31:28.613-0600 [DEBUG] [org.gradle.internal.remote.internal.inet.InetAddresses] Adding IP addresses for network interface Realtek Gaming GbE Family Controller-WFP Native MAC Layer LightWeight Filter-0000
2025-11-13T11:31:28.614-0600 [DEBUG] [org.gradle.internal.remote.internal.inet.InetAddresses] Is this a loopback interface? false
2025-11-13T11:31:28.621-0600 [DEBUG] [org.gradle.internal.remote.internal.inet.InetAddresses] Adding IP addresses for network interface Realtek Gaming GbE Family Controller-Realtek NDIS LightWeight Filter (NDIS 6.40)-0000
2025-11-13T11:31:28.621-0600 [DEBUG] [org.gradle.internal.remote.internal.inet.InetAddresses] Is this a loopback interface? false
2025-11-13T11:31:28.621-0600 [DEBUG] [org.gradle.internal.remote.internal.inet.InetAddresses] Adding IP addresses for network interface Realtek Gaming GbE Family Controller-QoS Packet Scheduler-0000
2025-11-13T11:31:28.622-0600 [DEBUG] [org.gradle.internal.remote.internal.inet.InetAddresses] Is this a loopback interface? false
2025-11-13T11:31:28.622-0600 [DEBUG] [org.gradle.internal.remote.internal.inet.InetAddresses] Adding IP addresses for network interface Realtek Gaming GbE Family Controller-WFP 802.3 MAC Layer LightWeight Filter-0000
2025-11-13T11:31:28.622-0600 [DEBUG] [org.gradle.internal.remote.internal.inet.InetAddresses] Is this a loopback interface? false
2025-11-13T11:31:28.623-0600 [DEBUG] [org.gradle.internal.remote.internal.inet.InetAddresses] Adding IP addresses for network interface Realtek Gaming GbE Family Controller
2025-11-13T11:31:28.623-0600 [DEBUG] [org.gradle.internal.remote.internal.inet.InetAddresses] Is this a loopback interface? false
2025-11-13T11:31:28.623-0600 [DEBUG] [org.gradle.internal.remote.internal.inet.InetAddresses] Adding remote address /fe80:0:0:0:7016:a6c2:bc76:e53d%ethernet_32768
2025-11-13T11:31:28.624-0600 [DEBUG] [org.gradle.internal.remote.internal.inet.InetAddresses] Adding IP addresses for network interface Microsoft Kernel Debug Network Adapter
2025-11-13T11:31:28.624-0600 [DEBUG] [org.gradle.internal.remote.internal.inet.InetAddresses] Is this a loopback interface? false
2025-11-13T11:31:28.624-0600 [DEBUG] [org.gradle.internal.remote.internal.inet.InetAddresses] Adding IP addresses for network interface Bluetooth Device (Personal Area Network)
2025-11-13T11:31:28.625-0600 [DEBUG] [org.gradle.internal.remote.internal.inet.InetAddresses] Is this a loopback interface? false
2025-11-13T11:31:28.625-0600 [DEBUG] [org.gradle.internal.remote.internal.inet.InetAddresses] Adding remote address /fe80:0:0:0:33e5:7615:ae0e:f1ea%ethernet_32770
2025-11-13T11:31:28.625-0600 [DEBUG] [org.gradle.internal.remote.internal.inet.InetAddresses] Adding IP addresses for network interface WAN Miniport (IP)
2025-11-13T11:31:28.626-0600 [DEBUG] [org.gradle.internal.remote.internal.inet.InetAddresses] Is this a loopback interface? false
2025-11-13T11:31:28.626-0600 [DEBUG] [org.gradle.internal.remote.internal.inet.InetAddresses] Adding IP addresses for network interface WAN Miniport (IPv6)
2025-11-13T11:31:28.626-0600 [DEBUG] [org.gradle.internal.remote.internal.inet.InetAddresses] Is this a loopback interface? false
2025-11-13T11:31:28.626-0600 [DEBUG] [org.gradle.internal.remote.internal.inet.InetAddresses] Adding IP addresses for network interface WAN Miniport (Network Monitor)
2025-11-13T11:31:28.627-0600 [DEBUG] [org.gradle.internal.remote.internal.inet.InetAddresses] Is this a loopback interface? false
2025-11-13T11:31:28.627-0600 [DEBUG] [org.gradle.internal.remote.internal.inet.InetAddresses] Adding IP addresses for network interface ASIX USB to Gigabit Ethernet Family Adapter
2025-11-13T11:31:28.627-0600 [DEBUG] [org.gradle.internal.remote.internal.inet.InetAddresses] Is this a loopback interface? false
2025-11-13T11:31:28.627-0600 [DEBUG] [org.gradle.internal.remote.internal.inet.InetAddresses] Adding IP addresses for network interface WAN Miniport (PPPOE)
2025-11-13T11:31:28.628-0600 [DEBUG] [org.gradle.internal.remote.internal.inet.InetAddresses] Is this a loopback interface? false
2025-11-13T11:31:28.628-0600 [DEBUG] [org.gradle.internal.remote.internal.inet.InetAddresses] Adding IP addresses for network interface Software Loopback Interface 1
2025-11-13T11:31:28.628-0600 [DEBUG] [org.gradle.internal.remote.internal.inet.InetAddresses] Is this a loopback interface? true
2025-11-13T11:31:28.628-0600 [DEBUG] [org.gradle.internal.remote.internal.inet.InetAddresses] Adding loopback address /0:0:0:0:0:0:0:1
2025-11-13T11:31:28.628-0600 [DEBUG] [org.gradle.internal.remote.internal.inet.InetAddresses] Adding loopback address /127.0.0.1
2025-11-13T11:31:28.629-0600 [DEBUG] [org.gradle.internal.remote.internal.inet.InetAddresses] Adding IP addresses for network interface MediaTek Wi-Fi 6E MT7922 (RZ616) 160MHz PCIe Adapter-WFP Native MAC Layer LightWeight Filter-0000
2025-11-13T11:31:28.629-0600 [DEBUG] [org.gradle.internal.remote.internal.inet.InetAddresses] Is this a loopback interface? false
2025-11-13T11:31:28.629-0600 [DEBUG] [org.gradle.internal.remote.internal.inet.InetAddresses] Adding IP addresses for network interface MediaTek Wi-Fi 6E MT7922 (RZ616) 160MHz PCIe Adapter-Virtual WiFi Filter Driver-0000
2025-11-13T11:31:28.630-0600 [DEBUG] [org.gradle.internal.remote.internal.inet.InetAddresses] Is this a loopback interface? false
2025-11-13T11:31:28.630-0600 [DEBUG] [org.gradle.internal.remote.internal.inet.InetAddresses] Adding IP addresses for network interface MediaTek Wi-Fi 6E MT7922 (RZ616) 160MHz PCIe Adapter-Native WiFi Filter Driver-0000
2025-11-13T11:31:28.630-0600 [DEBUG] [org.gradle.internal.remote.internal.inet.InetAddresses] Is this a loopback interface? false
2025-11-13T11:31:28.631-0600 [DEBUG] [org.gradle.internal.remote.internal.inet.InetAddresses] Adding IP addresses for network interface MediaTek Wi-Fi 6E MT7922 (RZ616) 160MHz PCIe Adapter-Realtek NDIS LightWeight Filter (NDIS 6.40)-0000
2025-11-13T11:31:28.631-0600 [DEBUG] [org.gradle.internal.remote.internal.inet.InetAddresses] Is this a loopback interface? false
2025-11-13T11:31:28.631-0600 [DEBUG] [org.gradle.internal.remote.internal.inet.InetAddresses] Adding IP addresses for network interface MediaTek Wi-Fi 6E MT7922 (RZ616) 160MHz PCIe Adapter-QoS Packet Scheduler-0000
2025-11-13T11:31:28.631-0600 [DEBUG] [org.gradle.internal.remote.internal.inet.InetAddresses] Is this a loopback interface? false
2025-11-13T11:31:28.632-0600 [DEBUG] [org.gradle.internal.remote.internal.inet.InetAddresses] Adding IP addresses for network interface MediaTek Wi-Fi 6E MT7922 (RZ616) 160MHz PCIe Adapter-WFP 802.3 MAC Layer LightWeight Filter-0000
2025-11-13T11:31:28.632-0600 [DEBUG] [org.gradle.internal.remote.internal.inet.InetAddresses] Is this a loopback interface? false
2025-11-13T11:31:28.632-0600 [DEBUG] [org.gradle.internal.remote.internal.inet.InetAddresses] Adding IP addresses for network interface Microsoft Wi-Fi Direct Virtual Adapter-WFP Native MAC Layer LightWeight Filter-0000
2025-11-13T11:31:28.632-0600 [DEBUG] [org.gradle.internal.remote.internal.inet.InetAddresses] Is this a loopback interface? false
2025-11-13T11:31:28.633-0600 [DEBUG] [org.gradle.internal.remote.internal.inet.InetAddresses] Adding IP addresses for network interface Microsoft Wi-Fi Direct Virtual Adapter-Native WiFi Filter Driver-0000
2025-11-13T11:31:28.633-0600 [DEBUG] [org.gradle.internal.remote.internal.inet.InetAddresses] Is this a loopback interface? false
2025-11-13T11:31:28.634-0600 [DEBUG] [org.gradle.internal.remote.internal.inet.InetAddresses] Adding IP addresses for network interface Microsoft Wi-Fi Direct Virtual Adapter-Realtek NDIS LightWeight Filter (NDIS 6.40)-0000
2025-11-13T11:31:28.634-0600 [DEBUG] [org.gradle.internal.remote.internal.inet.InetAddresses] Is this a loopback interface? false
2025-11-13T11:31:28.634-0600 [DEBUG] [org.gradle.internal.remote.internal.inet.InetAddresses] Adding IP addresses for network interface Microsoft Wi-Fi Direct Virtual Adapter-QoS Packet Scheduler-0000
2025-11-13T11:31:28.635-0600 [DEBUG] [org.gradle.internal.remote.internal.inet.InetAddresses] Is this a loopback interface? false
2025-11-13T11:31:28.635-0600 [DEBUG] [org.gradle.internal.remote.internal.inet.InetAddresses] Adding IP addresses for network interface Microsoft Wi-Fi Direct Virtual Adapter-WFP 802.3 MAC Layer LightWeight Filter-0000
2025-11-13T11:31:28.636-0600 [DEBUG] [org.gradle.internal.remote.internal.inet.InetAddresses] Is this a loopback interface? false
2025-11-13T11:31:28.636-0600 [DEBUG] [org.gradle.internal.remote.internal.inet.InetAddresses] Adding IP addresses for network interface Microsoft Wi-Fi Direct Virtual Adapter #2-WFP Native MAC Layer LightWeight Filter-0000
2025-11-13T11:31:28.636-0600 [DEBUG] [org.gradle.internal.remote.internal.inet.InetAddresses] Is this a loopback interface? false
2025-11-13T11:31:28.636-0600 [DEBUG] [org.gradle.internal.remote.internal.inet.InetAddresses] Adding IP addresses for network interface Microsoft Wi-Fi Direct Virtual Adapter #2-Native WiFi Filter Driver-0000
2025-11-13T11:31:28.637-0600 [DEBUG] [org.gradle.internal.remote.internal.inet.InetAddresses] Is this a loopback interface? false
2025-11-13T11:31:28.637-0600 [DEBUG] [org.gradle.internal.remote.internal.inet.InetAddresses] Adding IP addresses for network interface Microsoft Wi-Fi Direct Virtual Adapter #2-Realtek NDIS LightWeight Filter (NDIS 6.40)-0000
2025-11-13T11:31:28.637-0600 [DEBUG] [org.gradle.internal.remote.internal.inet.InetAddresses] Is this a loopback interface? false
2025-11-13T11:31:28.637-0600 [DEBUG] [org.gradle.internal.remote.internal.inet.InetAddresses] Adding IP addresses for network interface Microsoft Wi-Fi Direct Virtual Adapter #2-QoS Packet Scheduler-0000
2025-11-13T11:31:28.638-0600 [DEBUG] [org.gradle.internal.remote.internal.inet.InetAddresses] Is this a loopback interface? false
2025-11-13T11:31:28.638-0600 [DEBUG] [org.gradle.internal.remote.internal.inet.InetAddresses] Adding IP addresses for network interface Microsoft Wi-Fi Direct Virtual Adapter #2-WFP 802.3 MAC Layer LightWeight Filter-0000
2025-11-13T11:31:28.638-0600 [DEBUG] [org.gradle.internal.remote.internal.inet.InetAddresses] Is this a loopback interface? false
2025-11-13T11:31:28.639-0600 [DEBUG] [org.gradle.internal.remote.internal.inet.InetAddresses] Adding IP addresses for network interface MediaTek Wi-Fi 6E MT7922 (RZ616) 160MHz PCIe Adapter
2025-11-13T11:31:28.640-0600 [DEBUG] [org.gradle.internal.remote.internal.inet.InetAddresses] Is this a loopback interface? false
2025-11-13T11:31:28.640-0600 [DEBUG] [org.gradle.internal.remote.internal.inet.InetAddresses] Adding remote address /fe80:0:0:0:7509:b20c:b5a5:ee12%wireless_32768
2025-11-13T11:31:28.640-0600 [DEBUG] [org.gradle.internal.remote.internal.inet.InetAddresses] Adding remote address /10.100.9.230
2025-11-13T11:31:28.640-0600 [DEBUG] [org.gradle.internal.remote.internal.inet.InetAddresses] Adding IP addresses for network interface Microsoft Wi-Fi Direct Virtual Adapter
2025-11-13T11:31:28.640-0600 [DEBUG] [org.gradle.internal.remote.internal.inet.InetAddresses] Is this a loopback interface? false
2025-11-13T11:31:28.641-0600 [DEBUG] [org.gradle.internal.remote.internal.inet.InetAddresses] Adding remote address /fe80:0:0:0:b679:beff:c79c:d93d%wireless_32769
2025-11-13T11:31:28.641-0600 [DEBUG] [org.gradle.internal.remote.internal.inet.InetAddresses] Adding IP addresses for network interface Microsoft Wi-Fi Direct Virtual Adapter #2
2025-11-13T11:31:28.641-0600 [DEBUG] [org.gradle.internal.remote.internal.inet.InetAddresses] Is this a loopback interface? false
2025-11-13T11:31:28.641-0600 [DEBUG] [org.gradle.internal.remote.internal.inet.InetAddresses] Adding remote address /fe80:0:0:0:e8b0:7f3c:23ad:1910%wireless_32770
2025-11-13T11:31:28.641-0600 [DEBUG] [org.gradle.internal.remote.internal.inet.InetAddresses] Adding IP addresses for network interface Microsoft Teredo Tunneling Adapter
2025-11-13T11:31:28.641-0600 [DEBUG] [org.gradle.internal.remote.internal.inet.InetAddresses] Is this a loopback interface? false
2025-11-13T11:31:28.641-0600 [DEBUG] [org.gradle.internal.remote.internal.inet.InetAddresses] Adding IP addresses for network interface Microsoft IP-HTTPS Platform Adapter
2025-11-13T11:31:28.642-0600 [DEBUG] [org.gradle.internal.remote.internal.inet.InetAddresses] Is this a loopback interface? false
2025-11-13T11:31:28.642-0600 [DEBUG] [org.gradle.internal.remote.internal.inet.InetAddresses] Adding IP addresses for network interface Microsoft 6to4 Adapter
2025-11-13T11:31:28.642-0600 [DEBUG] [org.gradle.internal.remote.internal.inet.InetAddresses] Is this a loopback interface? false
2025-11-13T11:31:28.642-0600 [DEBUG] [org.gradle.internal.remote.internal.inet.InetAddresses] Adding IP addresses for network interface WAN Miniport (SSTP)
2025-11-13T11:31:28.642-0600 [DEBUG] [org.gradle.internal.remote.internal.inet.InetAddresses] Is this a loopback interface? false
2025-11-13T11:31:28.642-0600 [DEBUG] [org.gradle.internal.remote.internal.inet.InetAddresses] Adding IP addresses for network interface WAN Miniport (IKEv2)
2025-11-13T11:31:28.642-0600 [DEBUG] [org.gradle.internal.remote.internal.inet.InetAddresses] Is this a loopback interface? false
2025-11-13T11:31:28.643-0600 [DEBUG] [org.gradle.internal.remote.internal.inet.InetAddresses] Adding IP addresses for network interface WAN Miniport (L2TP)
2025-11-13T11:31:28.643-0600 [DEBUG] [org.gradle.internal.remote.internal.inet.InetAddresses] Is this a loopback interface? false
2025-11-13T11:31:28.643-0600 [DEBUG] [org.gradle.internal.remote.internal.inet.InetAddresses] Adding IP addresses for network interface WAN Miniport (PPTP)
2025-11-13T11:31:28.643-0600 [DEBUG] [org.gradle.internal.remote.internal.inet.InetAddresses] Is this a loopback interface? false
2025-11-13T11:31:28.662-0600 [DEBUG] [org.gradle.internal.nativeintegration.services.NativeServices] Native-platform posix files integration is not available. Continuing with fallback.
2025-11-13T11:31:28.689-0600 [INFO] [org.gradle.launcher.daemon.server.Daemon] start() called on daemon - DefaultDaemonContext[uid=887924fe-6fb2-4758-a9f4-add98d997768,javaHome=C:\Program Files\Android\Android Studio\jbr,javaVersion=21,javaVendor=JetBrains s.r.o.,daemonRegistryDir=C:\Users\max75\Downloads\CodigoPlats-master\daemon,pid=26588,idleTimeout=10800000,priority=NORMAL,applyInstrumentationAgent=true,nativeServicesMode=ENABLED,daemonOpts=-Xmx2048m,-Dfile.encoding=UTF-8,-Duser.country=SV,-Duser.language=es,-Duser.variant]
2025-11-13T11:31:28.749-0600 [DEBUG] [org.gradle.internal.remote.internal.inet.TcpIncomingConnector] Listening on [a5c0b8a8-a081-491c-991d-4e6ef26104c5 port:53322, addresses:[localhost/127.0.0.1]].
2025-11-13T11:31:28.757-0600 [DEBUG] [org.gradle.launcher.daemon.server.Daemon] Daemon starting at: Thu Nov 13 11:31:28 CST 2025, with address: [a5c0b8a8-a081-491c-991d-4e6ef26104c5 port:53322, addresses:[localhost/127.0.0.1]]
2025-11-13T11:31:28.757-0600 [INFO] [org.gradle.launcher.daemon.server.DaemonRegistryUpdater] Advertising the daemon address to the clients: [a5c0b8a8-a081-491c-991d-4e6ef26104c5 port:53322, addresses:[localhost/127.0.0.1]]
2025-11-13T11:31:28.757-0600 [DEBUG] [org.gradle.launcher.daemon.server.DaemonRegistryUpdater] Advertised daemon context: DefaultDaemonContext[uid=887924fe-6fb2-4758-a9f4-add98d997768,javaHome=C:\Program Files\Android\Android Studio\jbr,javaVersion=21,javaVendor=JetBrains s.r.o.,daemonRegistryDir=C:\Users\max75\Downloads\CodigoPlats-master\daemon,pid=26588,idleTimeout=10800000,priority=NORMAL,applyInstrumentationAgent=true,nativeServicesMode=ENABLED,daemonOpts=-Xmx2048m,-Dfile.encoding=UTF-8,-Duser.country=SV,-Duser.language=es,-Duser.variant]
2025-11-13T11:31:28.758-0600 [DEBUG] [org.gradle.launcher.daemon.registry.PersistentDaemonRegistry] Storing daemon address: [a5c0b8a8-a081-491c-991d-4e6ef26104c5 port:53322, addresses:[localhost/127.0.0.1]], context: DefaultDaemonContext[uid=887924fe-6fb2-4758-a9f4-add98d997768,javaHome=C:\Program Files\Android\Android Studio\jbr,javaVersion=21,javaVendor=JetBrains s.r.o.,daemonRegistryDir=C:\Users\max75\Downloads\CodigoPlats-master\daemon,pid=26588,idleTimeout=10800000,priority=NORMAL,applyInstrumentationAgent=true,nativeServicesMode=ENABLED,daemonOpts=-Xmx2048m,-Dfile.encoding=UTF-8,-Duser.country=SV,-Duser.language=es,-Duser.variant]
2025-11-13T11:31:28.769-0600 [DEBUG] [org.gradle.cache.internal.DefaultFileLockManager] Waiting to acquire exclusive lock on daemon addresses registry.
2025-11-13T11:31:28.773-0600 [DEBUG] [org.gradle.cache.internal.DefaultFileLockManager] Lock acquired on daemon addresses registry.
2025-11-13T11:31:28.779-0600 [DEBUG] [org.gradle.cache.internal.DefaultFileLockManager] Releasing lock on daemon addresses registry.
2025-11-13T11:31:28.780-0600 [LIFECYCLE] [org.gradle.launcher.daemon.server.Daemon] Daemon server started.
2025-11-13T11:31:28.782-0600 [DEBUG] [org.gradle.launcher.daemon.bootstrap.DaemonStartupCommunication] Completed writing the daemon greeting. Closing streams...
2025-11-13T11:31:28.795-0600 [DEBUG] [org.gradle.internal.remote.internal.inet.TcpIncomingConnector] Accepted connection from /127.0.0.1:53324 to /127.0.0.1:53322.
2025-11-13T11:31:28.797-0600 [DEBUG] [org.gradle.launcher.daemon.server.Daemon] stopOnExpiration() called on daemon
2025-11-13T11:31:28.798-0600 [DEBUG] [org.gradle.launcher.daemon.server.Daemon] awaitExpiration() called on daemon
2025-11-13T11:31:28.799-0600 [DEBUG] [org.gradle.launcher.daemon.server.DaemonStateCoordinator] daemon is running. Sleeping until state changes.
2025-11-13T11:31:28.928-0600 [DEBUG] [org.gradle.launcher.daemon.server.SynchronizedDispatchConnection] thread 40: received class org.gradle.launcher.daemon.protocol.Build
2025-11-13T11:31:28.929-0600 [DEBUG] [org.gradle.launcher.daemon.server.DefaultDaemonConnection] thread 40: Received non-IO message from client: Build{id=24dbfda0-412c-4320-b81d-423c194fc5d0, currentDir=C:\Users\max75\OneDrive\Escritorio\uvgRobertoCamposeco}
2025-11-13T11:31:28.929-0600 [INFO] [org.gradle.launcher.daemon.server.DefaultIncomingConnectionHandler] Received command: Build{id=24dbfda0-412c-4320-b81d-423c194fc5d0, currentDir=C:\Users\max75\OneDrive\Escritorio\uvgRobertoCamposeco}.
2025-11-13T11:31:28.929-0600 [DEBUG] [org.gradle.launcher.daemon.server.DefaultIncomingConnectionHandler] Starting executing command: Build{id=24dbfda0-412c-4320-b81d-423c194fc5d0, currentDir=C:\Users\max75\OneDrive\Escritorio\uvgRobertoCamposeco} with connection: socket connection from /127.0.0.1:53322 to /127.0.0.1:53324.
2025-11-13T11:31:28.934-0600 [DEBUG] [org.gradle.launcher.daemon.server.DaemonStateCoordinator] Command execution: started DaemonCommandExecution[command = Build{id=24dbfda0-412c-4320-b81d-423c194fc5d0, currentDir=C:\Users\max75\OneDrive\Escritorio\uvgRobertoCamposeco}, connection = DefaultDaemonConnection: socket connection from /127.0.0.1:53322 to /127.0.0.1:53324] after 0.0031333333333333335 minutes of idle
2025-11-13T11:31:28.934-0600 [INFO] [org.gradle.launcher.daemon.server.DaemonRegistryUpdater] Marking the daemon as busy, address: [a5c0b8a8-a081-491c-991d-4e6ef26104c5 port:53322, addresses:[localhost/127.0.0.1]]
2025-11-13T11:31:28.935-0600 [DEBUG] [org.gradle.launcher.daemon.registry.PersistentDaemonRegistry] Marking busy by address: [a5c0b8a8-a081-491c-991d-4e6ef26104c5 port:53322, addresses:[localhost/127.0.0.1]]
2025-11-13T11:31:28.936-0600 [DEBUG] [org.gradle.cache.internal.DefaultFileLockManager] Waiting to acquire exclusive lock on daemon addresses registry.
2025-11-13T11:31:28.938-0600 [DEBUG] [org.gradle.cache.internal.DefaultFileLockManager] Lock acquired on daemon addresses registry.
2025-11-13T11:31:28.940-0600 [DEBUG] [org.gradle.cache.internal.DefaultFileLockManager] Releasing lock on daemon addresses registry.
2025-11-13T11:31:28.940-0600 [DEBUG] [org.gradle.launcher.daemon.server.DaemonStateCoordinator] resetting idle timer
2025-11-13T11:31:28.941-0600 [DEBUG] [org.gradle.launcher.daemon.server.DaemonStateCoordinator] daemon is running. Sleeping until state changes.
2025-11-13T11:31:28.942-0600 [INFO] [org.gradle.launcher.daemon.server.exec.StartBuildOrRespondWithBusy] Daemon is about to start building Build{id=24dbfda0-412c-4320-b81d-423c194fc5d0, currentDir=C:\Users\max75\OneDrive\Escritorio\uvgRobertoCamposeco}. Dispatching build started information...
2025-11-13T11:31:28.942-0600 [DEBUG] [org.gradle.launcher.daemon.server.SynchronizedDispatchConnection] thread 42: dispatching org.gradle.launcher.daemon.protocol.BuildStarted@33c00cfa
2025-11-13T11:31:28.944-0600 [DEBUG] [org.gradle.launcher.daemon.server.exec.EstablishBuildEnvironment] Configuring env variables: [USERDOMAIN_ROAMINGPROFILE, EFC_10652_1262719628, PROCESSOR_LEVEL, RegionCode, SESSIONNAME, ALLUSERSPROFILE, PROCESSOR_ARCHITECTURE, AMDRMSDKPATH, PSModulePath, SystemDrive, USERNAME, ProgramFiles(x86), FPS_BROWSER_USER_PROFILE_STRING, PATHEXT, DriverData, EFC_10652_3789132940, platformcode, ProgramData, ProgramW6432, HOMEPATH, PROCESSOR_IDENTIFIER, ProgramFiles, PUBLIC, windir, =::, LOCALAPPDATA, USERDOMAIN, LOGONSERVER, FPS_BROWSER_APP_PROFILE_STRING, OneDrive, APPDATA, CommonProgramFiles, Path, OS, EFC_10652_1592913036, COMPUTERNAME, OnlineServices, PROCESSOR_REVISION, CommonProgramW6432, ComSpec, TEMP, SystemRoot, HOMEDRIVE, USERPROFILE, TMP, EFC_10652_2283032206, EFC_10652_2775293581, CommonProgramFiles(x86), NUMBER_OF_PROCESSORS]
2025-11-13T11:31:28.950-0600 [DEBUG] [org.gradle.launcher.daemon.server.exec.LogToClient] About to start relaying all logs to the client via the connection.
2025-11-13T11:31:28.951-0600 [INFO] [org.gradle.launcher.daemon.server.exec.LogToClient] The client will now receive all logging from the daemon (pid: 26588). The daemon log file: C:\Users\max75\Downloads\CodigoPlats-master\daemon\8.13\daemon-26588.out.log
2025-11-13T11:31:28.953-0600 [INFO] [org.gradle.launcher.daemon.server.exec.LogAndCheckHealth] Starting build in new daemon [memory: 2 GiB]
2025-11-13T11:31:28.956-0600 [DEBUG] [org.gradle.launcher.daemon.server.exec.ExecuteBuild] The daemon has started executing the build.
2025-11-13T11:31:28.956-0600 [DEBUG] [org.gradle.launcher.daemon.server.exec.ExecuteBuild] Executing build with daemon context: DefaultDaemonContext[uid=887924fe-6fb2-4758-a9f4-add98d997768,javaHome=C:\Program Files\Android\Android Studio\jbr,javaVersion=21,javaVendor=JetBrains s.r.o.,daemonRegistryDir=C:\Users\max75\Downloads\CodigoPlats-master\daemon,pid=26588,idleTimeout=10800000,priority=NORMAL,applyInstrumentationAgent=true,nativeServicesMode=ENABLED,daemonOpts=-Xmx2048m,-Dfile.encoding=UTF-8,-Duser.country=SV,-Duser.language=es,-Duser.variant]
Daemon will be stopped at the end of the build stop command received
Daemon vm is shutting down... The daemon has exited normally or was terminated in response to a user interrupt.
