2025-11-15T11:34:54.999-0600 [DEBUG] [org.gradle.launcher.daemon.bootstrap.DaemonMain] Assuming the daemon was started with following jvm opts: [-Xmx2048m, -Dfile.encoding=UTF-8, -Duser.country=SV, -Duser.language=es, -Duser.variant]
2025-11-15T11:34:55.257-0600 [DEBUG] [org.gradle.internal.remote.internal.inet.InetAddresses] Adding IP addresses for network interface Realtek Gaming GbE Family Controller-WFP Native MAC Layer LightWeight Filter-0000
2025-11-15T11:34:55.258-0600 [DEBUG] [org.gradle.internal.remote.internal.inet.InetAddresses] Is this a loopback interface? false
2025-11-15T11:34:55.260-0600 [DEBUG] [org.gradle.internal.remote.internal.inet.InetAddresses] Adding IP addresses for network interface Realtek Gaming GbE Family Controller-Realtek NDIS LightWeight Filter (NDIS 6.40)-0000
2025-11-15T11:34:55.261-0600 [DEBUG] [org.gradle.internal.remote.internal.inet.InetAddresses] Is this a loopback interface? false
2025-11-15T11:34:55.261-0600 [DEBUG] [org.gradle.internal.remote.internal.inet.InetAddresses] Adding IP addresses for network interface Realtek Gaming GbE Family Controller-QoS Packet Scheduler-0000
2025-11-15T11:34:55.262-0600 [DEBUG] [org.gradle.internal.remote.internal.inet.InetAddresses] Is this a loopback interface? false
2025-11-15T11:34:55.262-0600 [DEBUG] [org.gradle.internal.remote.internal.inet.InetAddresses] Adding IP addresses for network interface Realtek Gaming GbE Family Controller-WFP 802.3 MAC Layer LightWeight Filter-0000
2025-11-15T11:34:55.264-0600 [DEBUG] [org.gradle.internal.remote.internal.inet.InetAddresses] Is this a loopback interface? false
2025-11-15T11:34:55.264-0600 [DEBUG] [org.gradle.internal.remote.internal.inet.InetAddresses] Adding IP addresses for network interface Realtek Gaming GbE Family Controller
2025-11-15T11:34:55.265-0600 [DEBUG] [org.gradle.internal.remote.internal.inet.InetAddresses] Is this a loopback interface? false
2025-11-15T11:34:55.265-0600 [DEBUG] [org.gradle.internal.remote.internal.inet.InetAddresses] Adding remote address /fe80:0:0:0:7016:a6c2:bc76:e53d%ethernet_32768
2025-11-15T11:34:55.265-0600 [DEBUG] [org.gradle.internal.remote.internal.inet.InetAddresses] Adding IP addresses for network interface Microsoft Kernel Debug Network Adapter
2025-11-15T11:34:55.266-0600 [DEBUG] [org.gradle.internal.remote.internal.inet.InetAddresses] Is this a loopback interface? false
2025-11-15T11:34:55.266-0600 [DEBUG] [org.gradle.internal.remote.internal.inet.InetAddresses] Adding IP addresses for network interface Bluetooth Device (Personal Area Network)
2025-11-15T11:34:55.266-0600 [DEBUG] [org.gradle.internal.remote.internal.inet.InetAddresses] Is this a loopback interface? false
2025-11-15T11:34:55.268-0600 [DEBUG] [org.gradle.internal.remote.internal.inet.InetAddresses] Adding remote address /fe80:0:0:0:33e5:7615:ae0e:f1ea%ethernet_32770
2025-11-15T11:34:55.268-0600 [DEBUG] [org.gradle.internal.remote.internal.inet.InetAddresses] Adding IP addresses for network interface WAN Miniport (IP)
2025-11-15T11:34:55.269-0600 [DEBUG] [org.gradle.internal.remote.internal.inet.InetAddresses] Is this a loopback interface? false
2025-11-15T11:34:55.269-0600 [DEBUG] [org.gradle.internal.remote.internal.inet.InetAddresses] Adding IP addresses for network interface WAN Miniport (IPv6)
2025-11-15T11:34:55.270-0600 [DEBUG] [org.gradle.internal.remote.internal.inet.InetAddresses] Is this a loopback interface? false
2025-11-15T11:34:55.270-0600 [DEBUG] [org.gradle.internal.remote.internal.inet.InetAddresses] Adding IP addresses for network interface WAN Miniport (Network Monitor)
2025-11-15T11:34:55.270-0600 [DEBUG] [org.gradle.internal.remote.internal.inet.InetAddresses] Is this a loopback interface? false
2025-11-15T11:34:55.271-0600 [DEBUG] [org.gradle.internal.remote.internal.inet.InetAddresses] Adding IP addresses for network interface ASIX USB to Gigabit Ethernet Family Adapter
2025-11-15T11:34:55.271-0600 [DEBUG] [org.gradle.internal.remote.internal.inet.InetAddresses] Is this a loopback interface? false
2025-11-15T11:34:55.271-0600 [DEBUG] [org.gradle.internal.remote.internal.inet.InetAddresses] Adding IP addresses for network interface WAN Miniport (PPPOE)
2025-11-15T11:34:55.272-0600 [DEBUG] [org.gradle.internal.remote.internal.inet.InetAddresses] Is this a loopback interface? false
2025-11-15T11:34:55.272-0600 [DEBUG] [org.gradle.internal.remote.internal.inet.InetAddresses] Adding IP addresses for network interface Software Loopback Interface 1
2025-11-15T11:34:55.272-0600 [DEBUG] [org.gradle.internal.remote.internal.inet.InetAddresses] Is this a loopback interface? true
2025-11-15T11:34:55.273-0600 [DEBUG] [org.gradle.internal.remote.internal.inet.InetAddresses] Adding loopback address /0:0:0:0:0:0:0:1
2025-11-15T11:34:55.273-0600 [DEBUG] [org.gradle.internal.remote.internal.inet.InetAddresses] Adding loopback address /127.0.0.1
2025-11-15T11:34:55.273-0600 [DEBUG] [org.gradle.internal.remote.internal.inet.InetAddresses] Adding IP addresses for network interface MediaTek Wi-Fi 6E MT7922 (RZ616) 160MHz PCIe Adapter-WFP Native MAC Layer LightWeight Filter-0000
2025-11-15T11:34:55.275-0600 [DEBUG] [org.gradle.internal.remote.internal.inet.InetAddresses] Is this a loopback interface? false
2025-11-15T11:34:55.276-0600 [DEBUG] [org.gradle.internal.remote.internal.inet.InetAddresses] Adding IP addresses for network interface MediaTek Wi-Fi 6E MT7922 (RZ616) 160MHz PCIe Adapter-Virtual WiFi Filter Driver-0000
2025-11-15T11:34:55.276-0600 [DEBUG] [org.gradle.internal.remote.internal.inet.InetAddresses] Is this a loopback interface? false
2025-11-15T11:34:55.277-0600 [DEBUG] [org.gradle.internal.remote.internal.inet.InetAddresses] Adding IP addresses for network interface MediaTek Wi-Fi 6E MT7922 (RZ616) 160MHz PCIe Adapter-Native WiFi Filter Driver-0000
2025-11-15T11:34:55.277-0600 [DEBUG] [org.gradle.internal.remote.internal.inet.InetAddresses] Is this a loopback interface? false
2025-11-15T11:34:55.278-0600 [DEBUG] [org.gradle.internal.remote.internal.inet.InetAddresses] Adding IP addresses for network interface MediaTek Wi-Fi 6E MT7922 (RZ616) 160MHz PCIe Adapter-Realtek NDIS LightWeight Filter (NDIS 6.40)-0000
2025-11-15T11:34:55.278-0600 [DEBUG] [org.gradle.internal.remote.internal.inet.InetAddresses] Is this a loopback interface? false
2025-11-15T11:34:55.278-0600 [DEBUG] [org.gradle.internal.remote.internal.inet.InetAddresses] Adding IP addresses for network interface MediaTek Wi-Fi 6E MT7922 (RZ616) 160MHz PCIe Adapter-QoS Packet Scheduler-0000
2025-11-15T11:34:55.279-0600 [DEBUG] [org.gradle.internal.remote.internal.inet.InetAddresses] Is this a loopback interface? false
2025-11-15T11:34:55.279-0600 [DEBUG] [org.gradle.internal.remote.internal.inet.InetAddresses] Adding IP addresses for network interface MediaTek Wi-Fi 6E MT7922 (RZ616) 160MHz PCIe Adapter-WFP 802.3 MAC Layer LightWeight Filter-0000
2025-11-15T11:34:55.279-0600 [DEBUG] [org.gradle.internal.remote.internal.inet.InetAddresses] Is this a loopback interface? false
2025-11-15T11:34:55.280-0600 [DEBUG] [org.gradle.internal.remote.internal.inet.InetAddresses] Adding IP addresses for network interface Microsoft Wi-Fi Direct Virtual Adapter-WFP Native MAC Layer LightWeight Filter-0000
2025-11-15T11:34:55.281-0600 [DEBUG] [org.gradle.internal.remote.internal.inet.InetAddresses] Is this a loopback interface? false
2025-11-15T11:34:55.281-0600 [DEBUG] [org.gradle.internal.remote.internal.inet.InetAddresses] Adding IP addresses for network interface Microsoft Wi-Fi Direct Virtual Adapter-Native WiFi Filter Driver-0000
2025-11-15T11:34:55.282-0600 [DEBUG] [org.gradle.internal.remote.internal.inet.InetAddresses] Is this a loopback interface? false
2025-11-15T11:34:55.282-0600 [DEBUG] [org.gradle.internal.remote.internal.inet.InetAddresses] Adding IP addresses for network interface Microsoft Wi-Fi Direct Virtual Adapter-Realtek NDIS LightWeight Filter (NDIS 6.40)-0000
2025-11-15T11:34:55.283-0600 [DEBUG] [org.gradle.internal.remote.internal.inet.InetAddresses] Is this a loopback interface? false
2025-11-15T11:34:55.284-0600 [DEBUG] [org.gradle.internal.remote.internal.inet.InetAddresses] Adding IP addresses for network interface Microsoft Wi-Fi Direct Virtual Adapter-QoS Packet Scheduler-0000
2025-11-15T11:34:55.285-0600 [DEBUG] [org.gradle.internal.remote.internal.inet.InetAddresses] Is this a loopback interface? false
2025-11-15T11:34:55.285-0600 [DEBUG] [org.gradle.internal.remote.internal.inet.InetAddresses] Adding IP addresses for network interface Microsoft Wi-Fi Direct Virtual Adapter-WFP 802.3 MAC Layer LightWeight Filter-0000
2025-11-15T11:34:55.286-0600 [DEBUG] [org.gradle.internal.remote.internal.inet.InetAddresses] Is this a loopback interface? false
2025-11-15T11:34:55.286-0600 [DEBUG] [org.gradle.internal.remote.internal.inet.InetAddresses] Adding IP addresses for network interface Microsoft Wi-Fi Direct Virtual Adapter #2-WFP Native MAC Layer LightWeight Filter-0000
2025-11-15T11:34:55.286-0600 [DEBUG] [org.gradle.internal.remote.internal.inet.InetAddresses] Is this a loopback interface? false
2025-11-15T11:34:55.286-0600 [DEBUG] [org.gradle.internal.remote.internal.inet.InetAddresses] Adding IP addresses for network interface Microsoft Wi-Fi Direct Virtual Adapter #2-Native WiFi Filter Driver-0000
2025-11-15T11:34:55.287-0600 [DEBUG] [org.gradle.internal.remote.internal.inet.InetAddresses] Is this a loopback interface? false
2025-11-15T11:34:55.287-0600 [DEBUG] [org.gradle.internal.remote.internal.inet.InetAddresses] Adding IP addresses for network interface Microsoft Wi-Fi Direct Virtual Adapter #2-Realtek NDIS LightWeight Filter (NDIS 6.40)-0000
2025-11-15T11:34:55.287-0600 [DEBUG] [org.gradle.internal.remote.internal.inet.InetAddresses] Is this a loopback interface? false
2025-11-15T11:34:55.287-0600 [DEBUG] [org.gradle.internal.remote.internal.inet.InetAddresses] Adding IP addresses for network interface Microsoft Wi-Fi Direct Virtual Adapter #2-QoS Packet Scheduler-0000
2025-11-15T11:34:55.288-0600 [DEBUG] [org.gradle.internal.remote.internal.inet.InetAddresses] Is this a loopback interface? false
2025-11-15T11:34:55.288-0600 [DEBUG] [org.gradle.internal.remote.internal.inet.InetAddresses] Adding IP addresses for network interface Microsoft Wi-Fi Direct Virtual Adapter #2-WFP 802.3 MAC Layer LightWeight Filter-0000
2025-11-15T11:34:55.289-0600 [DEBUG] [org.gradle.internal.remote.internal.inet.InetAddresses] Is this a loopback interface? false
2025-11-15T11:34:55.289-0600 [DEBUG] [org.gradle.internal.remote.internal.inet.InetAddresses] Adding IP addresses for network interface MediaTek Wi-Fi 6E MT7922 (RZ616) 160MHz PCIe Adapter
2025-11-15T11:34:55.290-0600 [DEBUG] [org.gradle.internal.remote.internal.inet.InetAddresses] Is this a loopback interface? false
2025-11-15T11:34:55.290-0600 [DEBUG] [org.gradle.internal.remote.internal.inet.InetAddresses] Adding remote address /fe80:0:0:0:7509:b20c:b5a5:ee12%wireless_32768
2025-11-15T11:34:55.290-0600 [DEBUG] [org.gradle.internal.remote.internal.inet.InetAddresses] Adding remote address /2800:98:1120:e:a9ab:2b33:61b9:46e0
2025-11-15T11:34:55.290-0600 [DEBUG] [org.gradle.internal.remote.internal.inet.InetAddresses] Adding remote address /2800:98:1120:e:33c1:8e88:2c87:8644
2025-11-15T11:34:55.291-0600 [DEBUG] [org.gradle.internal.remote.internal.inet.InetAddresses] Adding remote address /2800:98:1120:e:0:0:0:6
2025-11-15T11:34:55.291-0600 [DEBUG] [org.gradle.internal.remote.internal.inet.InetAddresses] Adding remote address /192.168.1.27
2025-11-15T11:34:55.291-0600 [DEBUG] [org.gradle.internal.remote.internal.inet.InetAddresses] Adding IP addresses for network interface Microsoft Wi-Fi Direct Virtual Adapter
2025-11-15T11:34:55.291-0600 [DEBUG] [org.gradle.internal.remote.internal.inet.InetAddresses] Is this a loopback interface? false
2025-11-15T11:34:55.291-0600 [DEBUG] [org.gradle.internal.remote.internal.inet.InetAddresses] Adding remote address /fe80:0:0:0:b679:beff:c79c:d93d%wireless_32769
2025-11-15T11:34:55.291-0600 [DEBUG] [org.gradle.internal.remote.internal.inet.InetAddresses] Adding IP addresses for network interface Microsoft Wi-Fi Direct Virtual Adapter #2
2025-11-15T11:34:55.292-0600 [DEBUG] [org.gradle.internal.remote.internal.inet.InetAddresses] Is this a loopback interface? false
2025-11-15T11:34:55.292-0600 [DEBUG] [org.gradle.internal.remote.internal.inet.InetAddresses] Adding remote address /fe80:0:0:0:e8b0:7f3c:23ad:1910%wireless_32770
2025-11-15T11:34:55.292-0600 [DEBUG] [org.gradle.internal.remote.internal.inet.InetAddresses] Adding IP addresses for network interface Microsoft Teredo Tunneling Adapter
2025-11-15T11:34:55.292-0600 [DEBUG] [org.gradle.internal.remote.internal.inet.InetAddresses] Is this a loopback interface? false
2025-11-15T11:34:55.293-0600 [DEBUG] [org.gradle.internal.remote.internal.inet.InetAddresses] Adding IP addresses for network interface Microsoft IP-HTTPS Platform Adapter
2025-11-15T11:34:55.293-0600 [DEBUG] [org.gradle.internal.remote.internal.inet.InetAddresses] Is this a loopback interface? false
2025-11-15T11:34:55.293-0600 [DEBUG] [org.gradle.internal.remote.internal.inet.InetAddresses] Adding IP addresses for network interface Microsoft 6to4 Adapter
2025-11-15T11:34:55.293-0600 [DEBUG] [org.gradle.internal.remote.internal.inet.InetAddresses] Is this a loopback interface? false
2025-11-15T11:34:55.293-0600 [DEBUG] [org.gradle.internal.remote.internal.inet.InetAddresses] Adding IP addresses for network interface WAN Miniport (SSTP)
2025-11-15T11:34:55.293-0600 [DEBUG] [org.gradle.internal.remote.internal.inet.InetAddresses] Is this a loopback interface? false
2025-11-15T11:34:55.293-0600 [DEBUG] [org.gradle.internal.remote.internal.inet.InetAddresses] Adding IP addresses for network interface WAN Miniport (IKEv2)
2025-11-15T11:34:55.294-0600 [DEBUG] [org.gradle.internal.remote.internal.inet.InetAddresses] Is this a loopback interface? false
2025-11-15T11:34:55.294-0600 [DEBUG] [org.gradle.internal.remote.internal.inet.InetAddresses] Adding IP addresses for network interface WAN Miniport (L2TP)
2025-11-15T11:34:55.294-0600 [DEBUG] [org.gradle.internal.remote.internal.inet.InetAddresses] Is this a loopback interface? false
2025-11-15T11:34:55.294-0600 [DEBUG] [org.gradle.internal.remote.internal.inet.InetAddresses] Adding IP addresses for network interface WAN Miniport (PPTP)
2025-11-15T11:34:55.294-0600 [DEBUG] [org.gradle.internal.remote.internal.inet.InetAddresses] Is this a loopback interface? false
2025-11-15T11:34:55.316-0600 [DEBUG] [org.gradle.internal.nativeintegration.services.NativeServices] Native-platform posix files integration is not available. Continuing with fallback.
2025-11-15T11:34:55.360-0600 [INFO] [org.gradle.launcher.daemon.server.Daemon] start() called on daemon - DefaultDaemonContext[uid=14551718-1a49-4be7-a0bf-3749d0f76ad0,javaHome=C:\Program Files\Android\Android Studio\jbr,javaVersion=21,javaVendor=JetBrains s.r.o.,daemonRegistryDir=C:\Users\max75\Downloads\CodigoPlats-master\daemon,pid=18052,idleTimeout=10800000,priority=NORMAL,applyInstrumentationAgent=true,nativeServicesMode=ENABLED,daemonOpts=-Xmx2048m,-Dfile.encoding=UTF-8,-Duser.country=SV,-Duser.language=es,-Duser.variant]
2025-11-15T11:34:55.444-0600 [DEBUG] [org.gradle.internal.remote.internal.inet.TcpIncomingConnector] Listening on [f49b77dd-8ec2-4031-8bc5-4d3636941ee9 port:55785, addresses:[localhost/127.0.0.1]].
2025-11-15T11:34:55.452-0600 [DEBUG] [org.gradle.launcher.daemon.server.Daemon] Daemon starting at: Sat Nov 15 11:34:55 CST 2025, with address: [f49b77dd-8ec2-4031-8bc5-4d3636941ee9 port:55785, addresses:[localhost/127.0.0.1]]
2025-11-15T11:34:55.453-0600 [INFO] [org.gradle.launcher.daemon.server.DaemonRegistryUpdater] Advertising the daemon address to the clients: [f49b77dd-8ec2-4031-8bc5-4d3636941ee9 port:55785, addresses:[localhost/127.0.0.1]]
2025-11-15T11:34:55.453-0600 [DEBUG] [org.gradle.launcher.daemon.server.DaemonRegistryUpdater] Advertised daemon context: DefaultDaemonContext[uid=14551718-1a49-4be7-a0bf-3749d0f76ad0,javaHome=C:\Program Files\Android\Android Studio\jbr,javaVersion=21,javaVendor=JetBrains s.r.o.,daemonRegistryDir=C:\Users\max75\Downloads\CodigoPlats-master\daemon,pid=18052,idleTimeout=10800000,priority=NORMAL,applyInstrumentationAgent=true,nativeServicesMode=ENABLED,daemonOpts=-Xmx2048m,-Dfile.encoding=UTF-8,-Duser.country=SV,-Duser.language=es,-Duser.variant]
2025-11-15T11:34:55.454-0600 [DEBUG] [org.gradle.launcher.daemon.registry.PersistentDaemonRegistry] Storing daemon address: [f49b77dd-8ec2-4031-8bc5-4d3636941ee9 port:55785, addresses:[localhost/127.0.0.1]], context: DefaultDaemonContext[uid=14551718-1a49-4be7-a0bf-3749d0f76ad0,javaHome=C:\Program Files\Android\Android Studio\jbr,javaVersion=21,javaVendor=JetBrains s.r.o.,daemonRegistryDir=C:\Users\max75\Downloads\CodigoPlats-master\daemon,pid=18052,idleTimeout=10800000,priority=NORMAL,applyInstrumentationAgent=true,nativeServicesMode=ENABLED,daemonOpts=-Xmx2048m,-Dfile.encoding=UTF-8,-Duser.country=SV,-Duser.language=es,-Duser.variant]
2025-11-15T11:34:55.470-0600 [DEBUG] [org.gradle.cache.internal.DefaultFileLockManager] Waiting to acquire exclusive lock on daemon addresses registry.
2025-11-15T11:34:55.475-0600 [DEBUG] [org.gradle.cache.internal.DefaultFileLockManager] Lock acquired on daemon addresses registry.
2025-11-15T11:34:55.483-0600 [DEBUG] [org.gradle.cache.internal.DefaultFileLockManager] Releasing lock on daemon addresses registry.
2025-11-15T11:34:55.484-0600 [LIFECYCLE] [org.gradle.launcher.daemon.server.Daemon] Daemon server started.
2025-11-15T11:34:55.487-0600 [DEBUG] [org.gradle.launcher.daemon.bootstrap.DaemonStartupCommunication] Completed writing the daemon greeting. Closing streams...
2025-11-15T11:34:55.502-0600 [DEBUG] [org.gradle.launcher.daemon.server.Daemon] stopOnExpiration() called on daemon
2025-11-15T11:34:55.503-0600 [DEBUG] [org.gradle.internal.remote.internal.inet.TcpIncomingConnector] Accepted connection from /127.0.0.1:55787 to /127.0.0.1:55785.
2025-11-15T11:34:55.505-0600 [DEBUG] [org.gradle.launcher.daemon.server.Daemon] awaitExpiration() called on daemon
2025-11-15T11:34:55.506-0600 [DEBUG] [org.gradle.launcher.daemon.server.DaemonStateCoordinator] daemon is running. Sleeping until state changes.
2025-11-15T11:34:55.624-0600 [DEBUG] [org.gradle.launcher.daemon.server.SynchronizedDispatchConnection] thread 40: received class org.gradle.launcher.daemon.protocol.Build
2025-11-15T11:34:55.624-0600 [DEBUG] [org.gradle.launcher.daemon.server.DefaultDaemonConnection] thread 40: Received non-IO message from client: Build{id=d2cced9f-06d3-4583-ace7-8037d13d60bf, currentDir=C:\Users\max75\Downloads\CodigoPlats-master}
2025-11-15T11:34:55.624-0600 [INFO] [org.gradle.launcher.daemon.server.DefaultIncomingConnectionHandler] Received command: Build{id=d2cced9f-06d3-4583-ace7-8037d13d60bf, currentDir=C:\Users\max75\Downloads\CodigoPlats-master}.
2025-11-15T11:34:55.625-0600 [DEBUG] [org.gradle.launcher.daemon.server.DefaultIncomingConnectionHandler] Starting executing command: Build{id=d2cced9f-06d3-4583-ace7-8037d13d60bf, currentDir=C:\Users\max75\Downloads\CodigoPlats-master} with connection: socket connection from /127.0.0.1:55785 to /127.0.0.1:55787.
2025-11-15T11:34:55.630-0600 [DEBUG] [org.gradle.launcher.daemon.server.DaemonStateCoordinator] Command execution: started DaemonCommandExecution[command = Build{id=d2cced9f-06d3-4583-ace7-8037d13d60bf, currentDir=C:\Users\max75\Downloads\CodigoPlats-master}, connection = DefaultDaemonConnection: socket connection from /127.0.0.1:55785 to /127.0.0.1:55787] after 0.0031833333333333336 minutes of idle
2025-11-15T11:34:55.630-0600 [INFO] [org.gradle.launcher.daemon.server.DaemonRegistryUpdater] Marking the daemon as busy, address: [f49b77dd-8ec2-4031-8bc5-4d3636941ee9 port:55785, addresses:[localhost/127.0.0.1]]
2025-11-15T11:34:55.631-0600 [DEBUG] [org.gradle.launcher.daemon.registry.PersistentDaemonRegistry] Marking busy by address: [f49b77dd-8ec2-4031-8bc5-4d3636941ee9 port:55785, addresses:[localhost/127.0.0.1]]
2025-11-15T11:34:55.633-0600 [DEBUG] [org.gradle.cache.internal.DefaultFileLockManager] Waiting to acquire exclusive lock on daemon addresses registry.
2025-11-15T11:34:55.634-0600 [DEBUG] [org.gradle.cache.internal.DefaultFileLockManager] Lock acquired on daemon addresses registry.
2025-11-15T11:34:55.636-0600 [DEBUG] [org.gradle.cache.internal.DefaultFileLockManager] Releasing lock on daemon addresses registry.
2025-11-15T11:34:55.637-0600 [DEBUG] [org.gradle.launcher.daemon.server.DaemonStateCoordinator] resetting idle timer
2025-11-15T11:34:55.637-0600 [DEBUG] [org.gradle.launcher.daemon.server.DaemonStateCoordinator] daemon is running. Sleeping until state changes.
2025-11-15T11:34:55.638-0600 [INFO] [org.gradle.launcher.daemon.server.exec.StartBuildOrRespondWithBusy] Daemon is about to start building Build{id=d2cced9f-06d3-4583-ace7-8037d13d60bf, currentDir=C:\Users\max75\Downloads\CodigoPlats-master}. Dispatching build started information...
2025-11-15T11:34:55.639-0600 [DEBUG] [org.gradle.launcher.daemon.server.SynchronizedDispatchConnection] thread 42: dispatching org.gradle.launcher.daemon.protocol.BuildStarted@84b5d7a
2025-11-15T11:34:55.641-0600 [DEBUG] [org.gradle.launcher.daemon.server.exec.EstablishBuildEnvironment] Configuring env variables: [USERDOMAIN_ROAMINGPROFILE, PROCESSOR_LEVEL, RegionCode, SESSIONNAME, ALLUSERSPROFILE, PROCESSOR_ARCHITECTURE, AMDRMSDKPATH, PSModulePath, SystemDrive, USERNAME, ProgramFiles(x86), FPS_BROWSER_USER_PROFILE_STRING, PATHEXT, DriverData, platformcode, ProgramData, ProgramW6432, HOMEPATH, PROCESSOR_IDENTIFIER, ProgramFiles, PUBLIC, windir, =::, EFC_5128_3789132940, LOCALAPPDATA, USERDOMAIN, LOGONSERVER, FPS_BROWSER_APP_PROFILE_STRING, OneDrive, APPDATA, CommonProgramFiles, Path, OS, COMPUTERNAME, OnlineServices, PROCESSOR_REVISION, CommonProgramW6432, ComSpec, EFC_5128_1592913036, TEMP, SystemRoot, HOMEDRIVE, USERPROFILE, TMP, EFC_5128_2775293581, CommonProgramFiles(x86), EFC_5128_2283032206, NUMBER_OF_PROCESSORS, EFC_5128_1262719628]
2025-11-15T11:34:55.651-0600 [DEBUG] [org.gradle.launcher.daemon.server.exec.LogToClient] About to start relaying all logs to the client via the connection.
2025-11-15T11:34:55.651-0600 [INFO] [org.gradle.launcher.daemon.server.exec.LogToClient] The client will now receive all logging from the daemon (pid: 18052). The daemon log file: C:\Users\max75\Downloads\CodigoPlats-master\daemon\8.13\daemon-18052.out.log
2025-11-15T11:34:55.654-0600 [INFO] [org.gradle.launcher.daemon.server.exec.LogAndCheckHealth] Starting build in new daemon [memory: 2 GiB]
2025-11-15T11:34:55.659-0600 [DEBUG] [org.gradle.launcher.daemon.server.exec.ExecuteBuild] The daemon has started executing the build.
2025-11-15T11:34:55.659-0600 [DEBUG] [org.gradle.launcher.daemon.server.exec.ExecuteBuild] Executing build with daemon context: DefaultDaemonContext[uid=14551718-1a49-4be7-a0bf-3749d0f76ad0,javaHome=C:\Program Files\Android\Android Studio\jbr,javaVersion=21,javaVendor=JetBrains s.r.o.,daemonRegistryDir=C:\Users\max75\Downloads\CodigoPlats-master\daemon,pid=18052,idleTimeout=10800000,priority=NORMAL,applyInstrumentationAgent=true,nativeServicesMode=ENABLED,daemonOpts=-Xmx2048m,-Dfile.encoding=UTF-8,-Duser.country=SV,-Duser.language=es,-Duser.variant]

BUILD SUCCESSFUL in 20s
32 actionable tasks: 32 up-to-date
2025-11-15T11:35:12.971-0600 [DEBUG] [org.gradle.launcher.daemon.server.exec.ExecuteBuild] The daemon has finished executing the build.
2025-11-15T11:35:12.988-0600 [DEBUG] [org.gradle.launcher.daemon.server.DaemonStateCoordinator] daemon is running. Sleeping until state changes.
2025-11-15T11:35:12.989-0600 [DEBUG] [org.gradle.launcher.daemon.server.DaemonStateCoordinator] Command execution: finished waiting for DaemonCommandExecution[command = Build{id=d2cced9f-06d3-4583-ace7-8037d13d60bf, currentDir=C:\Users\max75\Downloads\CodigoPlats-master}, connection = DefaultDaemonConnection: socket connection from /127.0.0.1:55785 to /127.0.0.1:55787]. Result org.gradle.launcher.daemon.server.DaemonStateCoordinator@319d7bb3 with state Busy
2025-11-15T11:35:12.989-0600 [DEBUG] [org.gradle.launcher.daemon.server.DaemonStateCoordinator] Command execution: completed DaemonCommandExecution[command = Build{id=d2cced9f-06d3-4583-ace7-8037d13d60bf, currentDir=C:\Users\max75\Downloads\CodigoPlats-master}, connection = DefaultDaemonConnection: socket connection from /127.0.0.1:55785 to /127.0.0.1:55787]
2025-11-15T11:35:12.990-0600 [DEBUG] [org.gradle.launcher.daemon.server.DaemonStateCoordinator] resetting idle timer
2025-11-15T11:35:12.990-0600 [INFO] [org.gradle.launcher.daemon.server.DaemonRegistryUpdater] Marking the daemon as idle, address: [f49b77dd-8ec2-4031-8bc5-4d3636941ee9 port:55785, addresses:[localhost/127.0.0.1]]
2025-11-15T11:35:12.990-0600 [DEBUG] [org.gradle.launcher.daemon.registry.PersistentDaemonRegistry] Marking busy by address: [f49b77dd-8ec2-4031-8bc5-4d3636941ee9 port:55785, addresses:[localhost/127.0.0.1]]
2025-11-15T11:35:12.992-0600 [DEBUG] [org.gradle.cache.internal.DefaultFileLockManager] Waiting to acquire exclusive lock on daemon addresses registry.
2025-11-15T11:35:12.993-0600 [DEBUG] [org.gradle.cache.internal.DefaultFileLockManager] Lock acquired on daemon addresses registry.
2025-11-15T11:35:12.994-0600 [DEBUG] [org.gradle.cache.internal.DefaultFileLockManager] Releasing lock on daemon addresses registry.
2025-11-15T11:35:12.995-0600 [DEBUG] [org.gradle.launcher.daemon.server.DaemonStateCoordinator] daemon is running. Sleeping until state changes.
2025-11-15T11:35:12.995-0600 [DEBUG] [org.gradle.launcher.daemon.server.exec.ReturnResult] Daemon is dispatching the build result: Success[value=org.gradle.launcher.exec.BuildActionResult@748cab57]
2025-11-15T11:35:12.995-0600 [DEBUG] [org.gradle.launcher.daemon.server.SynchronizedDispatchConnection] thread 39: dispatching Success[value=org.gradle.launcher.exec.BuildActionResult@748cab57]
2025-11-15T11:35:12.997-0600 [DEBUG] [org.gradle.launcher.daemon.server.SynchronizedDispatchConnection] thread 40: received class org.gradle.launcher.daemon.protocol.CloseInput
2025-11-15T11:35:12.997-0600 [DEBUG] [org.gradle.launcher.daemon.server.DefaultDaemonConnection] thread 40: Received IO message from client: org.gradle.launcher.daemon.protocol.CloseInput@6c80ed12
2025-11-15T11:35:12.998-0600 [DEBUG] [org.gradle.launcher.daemon.server.exec.CleanUpVirtualFileSystemAfterBuild] Cleaning virtual file system after build finished
2025-11-15T11:35:12.998-0600 [DEBUG] [org.gradle.launcher.daemon.server.DefaultIncomingConnectionHandler] Finishing executing command: Build{id=d2cced9f-06d3-4583-ace7-8037d13d60bf, currentDir=C:\Users\max75\Downloads\CodigoPlats-master}
2025-11-15T11:35:12.998-0600 [DEBUG] [org.gradle.launcher.daemon.server.SynchronizedDispatchConnection] thread 40: received class org.gradle.launcher.daemon.protocol.Finished
2025-11-15T11:35:12.998-0600 [DEBUG] [org.gradle.launcher.daemon.server.DefaultDaemonConnection] thread 40: Received non-IO message from client: org.gradle.launcher.daemon.protocol.Finished@362b5ab8
2025-11-15T11:35:12.999-0600 [DEBUG] [org.gradle.launcher.daemon.server.DefaultIncomingConnectionHandler] Received finished message: org.gradle.launcher.daemon.protocol.Finished@362b5ab8
2025-11-15T11:35:12.999-0600 [DEBUG] [org.gradle.launcher.daemon.server.SynchronizedDispatchConnection] thread 39: stopping connection
2025-11-15T11:35:12.999-0600 [DEBUG] [org.gradle.internal.remote.internal.inet.SocketConnection] Discarding EOFException: java.io.EOFException
2025-11-15T11:35:12.999-0600 [DEBUG] [org.gradle.launcher.daemon.server.SynchronizedDispatchConnection] thread 40: received null
2025-11-15T11:35:12.999-0600 [DEBUG] [org.gradle.launcher.daemon.server.DefaultDaemonConnection] thread 40: Received end-of-input from client.
2025-11-15T11:35:13.000-0600 [DEBUG] [org.gradle.launcher.daemon.server.SynchronizedDispatchConnection] thread 39: stopping connection
2025-11-15T11:35:15.516-0600 [DEBUG] [org.gradle.cache.internal.DefaultFileLockManager] Waiting to acquire shared lock on daemon addresses registry.
2025-11-15T11:35:15.516-0600 [DEBUG] [org.gradle.cache.internal.DefaultFileLockManager] Lock acquired on daemon addresses registry.
2025-11-15T11:35:15.517-0600 [DEBUG] [org.gradle.cache.internal.DefaultFileLockManager] Releasing lock on daemon addresses registry.
2025-11-15T11:35:15.519-0600 [DEBUG] [org.gradle.cache.internal.DefaultFileLockManager] Waiting to acquire shared lock on daemon addresses registry.
2025-11-15T11:35:15.519-0600 [DEBUG] [org.gradle.cache.internal.DefaultFileLockManager] Lock acquired on daemon addresses registry.
2025-11-15T11:35:15.519-0600 [DEBUG] [org.gradle.cache.internal.DefaultFileLockManager] Releasing lock on daemon addresses registry.
2025-11-15T11:35:25.514-0600 [DEBUG] [org.gradle.cache.internal.DefaultFileLockManager] Waiting to acquire shared lock on daemon addresses registry.
2025-11-15T11:35:25.515-0600 [DEBUG] [org.gradle.cache.internal.DefaultFileLockManager] Lock acquired on daemon addresses registry.
2025-11-15T11:35:25.515-0600 [DEBUG] [org.gradle.cache.internal.DefaultFileLockManager] Releasing lock on daemon addresses registry.
2025-11-15T11:35:25.517-0600 [DEBUG] [org.gradle.cache.internal.DefaultFileLockManager] Waiting to acquire shared lock on daemon addresses registry.
2025-11-15T11:35:25.518-0600 [DEBUG] [org.gradle.cache.internal.DefaultFileLockManager] Lock acquired on daemon addresses registry.
2025-11-15T11:35:25.518-0600 [DEBUG] [org.gradle.cache.internal.DefaultFileLockManager] Releasing lock on daemon addresses registry.
2025-11-15T11:35:25.520-0600 [DEBUG] [org.gradle.cache.internal.DefaultFileLockManager] Waiting to acquire shared lock on daemon addresses registry.
2025-11-15T11:35:25.520-0600 [DEBUG] [org.gradle.cache.internal.DefaultFileLockManager] Lock acquired on daemon addresses registry.
2025-11-15T11:35:25.520-0600 [DEBUG] [org.gradle.cache.internal.DefaultFileLockManager] Releasing lock on daemon addresses registry.
2025-11-15T11:35:35.508-0600 [DEBUG] [org.gradle.cache.internal.DefaultFileLockManager] Waiting to acquire shared lock on daemon addresses registry.
2025-11-15T11:35:35.508-0600 [DEBUG] [org.gradle.cache.internal.DefaultFileLockManager] Lock acquired on daemon addresses registry.
2025-11-15T11:35:35.508-0600 [DEBUG] [org.gradle.cache.internal.DefaultFileLockManager] Releasing lock on daemon addresses registry.
2025-11-15T11:35:35.510-0600 [DEBUG] [org.gradle.cache.internal.DefaultFileLockManager] Waiting to acquire shared lock on daemon addresses registry.
2025-11-15T11:35:35.511-0600 [DEBUG] [org.gradle.cache.internal.DefaultFileLockManager] Lock acquired on daemon addresses registry.
2025-11-15T11:35:35.511-0600 [DEBUG] [org.gradle.cache.internal.DefaultFileLockManager] Releasing lock on daemon addresses registry.
2025-11-15T11:35:35.513-0600 [DEBUG] [org.gradle.cache.internal.DefaultFileLockManager] Waiting to acquire shared lock on daemon addresses registry.
2025-11-15T11:35:35.513-0600 [DEBUG] [org.gradle.cache.internal.DefaultFileLockManager] Lock acquired on daemon addresses registry.
2025-11-15T11:35:35.514-0600 [DEBUG] [org.gradle.cache.internal.DefaultFileLockManager] Releasing lock on daemon addresses registry.
2025-11-15T11:35:45.512-0600 [DEBUG] [org.gradle.cache.internal.DefaultFileLockManager] Waiting to acquire shared lock on daemon addresses registry.
2025-11-15T11:35:45.512-0600 [DEBUG] [org.gradle.cache.internal.DefaultFileLockManager] Lock acquired on daemon addresses registry.
2025-11-15T11:35:45.513-0600 [DEBUG] [org.gradle.cache.internal.DefaultFileLockManager] Releasing lock on daemon addresses registry.
2025-11-15T11:35:45.515-0600 [DEBUG] [org.gradle.cache.internal.DefaultFileLockManager] Waiting to acquire shared lock on daemon addresses registry.
2025-11-15T11:35:45.515-0600 [DEBUG] [org.gradle.cache.internal.DefaultFileLockManager] Lock acquired on daemon addresses registry.
2025-11-15T11:35:45.516-0600 [DEBUG] [org.gradle.cache.internal.DefaultFileLockManager] Releasing lock on daemon addresses registry.
2025-11-15T11:35:45.517-0600 [DEBUG] [org.gradle.cache.internal.DefaultFileLockManager] Waiting to acquire shared lock on daemon addresses registry.
2025-11-15T11:35:45.517-0600 [DEBUG] [org.gradle.cache.internal.DefaultFileLockManager] Lock acquired on daemon addresses registry.
2025-11-15T11:35:45.518-0600 [DEBUG] [org.gradle.cache.internal.DefaultFileLockManager] Releasing lock on daemon addresses registry.
2025-11-15T11:35:55.516-0600 [DEBUG] [org.gradle.cache.internal.DefaultFileLockManager] Waiting to acquire shared lock on daemon addresses registry.
2025-11-15T11:35:55.517-0600 [DEBUG] [org.gradle.cache.internal.DefaultFileLockManager] Lock acquired on daemon addresses registry.
2025-11-15T11:35:55.517-0600 [DEBUG] [org.gradle.cache.internal.DefaultFileLockManager] Releasing lock on daemon addresses registry.
2025-11-15T11:35:55.519-0600 [DEBUG] [org.gradle.cache.internal.DefaultFileLockManager] Waiting to acquire shared lock on daemon addresses registry.
2025-11-15T11:35:55.519-0600 [DEBUG] [org.gradle.cache.internal.DefaultFileLockManager] Lock acquired on daemon addresses registry.
2025-11-15T11:35:55.520-0600 [DEBUG] [org.gradle.cache.internal.DefaultFileLockManager] Releasing lock on daemon addresses registry.
2025-11-15T11:35:55.522-0600 [DEBUG] [org.gradle.cache.internal.DefaultFileLockManager] Waiting to acquire shared lock on daemon addresses registry.
2025-11-15T11:35:55.522-0600 [DEBUG] [org.gradle.cache.internal.DefaultFileLockManager] Lock acquired on daemon addresses registry.
2025-11-15T11:35:55.523-0600 [DEBUG] [org.gradle.cache.internal.DefaultFileLockManager] Releasing lock on daemon addresses registry.
2025-11-15T11:36:05.512-0600 [DEBUG] [org.gradle.cache.internal.DefaultFileLockManager] Waiting to acquire shared lock on daemon addresses registry.
2025-11-15T11:36:05.512-0600 [DEBUG] [org.gradle.cache.internal.DefaultFileLockManager] Lock acquired on daemon addresses registry.
2025-11-15T11:36:05.513-0600 [DEBUG] [org.gradle.cache.internal.DefaultFileLockManager] Releasing lock on daemon addresses registry.
2025-11-15T11:36:05.514-0600 [DEBUG] [org.gradle.cache.internal.DefaultFileLockManager] Waiting to acquire shared lock on daemon addresses registry.
2025-11-15T11:36:05.515-0600 [DEBUG] [org.gradle.cache.internal.DefaultFileLockManager] Lock acquired on daemon addresses registry.
2025-11-15T11:36:05.515-0600 [DEBUG] [org.gradle.cache.internal.DefaultFileLockManager] Releasing lock on daemon addresses registry.
2025-11-15T11:36:05.517-0600 [DEBUG] [org.gradle.cache.internal.DefaultFileLockManager] Waiting to acquire shared lock on daemon addresses registry.
2025-11-15T11:36:05.517-0600 [DEBUG] [org.gradle.cache.internal.DefaultFileLockManager] Lock acquired on daemon addresses registry.
2025-11-15T11:36:05.517-0600 [DEBUG] [org.gradle.cache.internal.DefaultFileLockManager] Releasing lock on daemon addresses registry.
2025-11-15T11:36:15.513-0600 [DEBUG] [org.gradle.cache.internal.DefaultFileLockManager] Waiting to acquire shared lock on daemon addresses registry.
2025-11-15T11:36:15.514-0600 [DEBUG] [org.gradle.cache.internal.DefaultFileLockManager] Lock acquired on daemon addresses registry.
2025-11-15T11:36:15.514-0600 [DEBUG] [org.gradle.cache.internal.DefaultFileLockManager] Releasing lock on daemon addresses registry.
2025-11-15T11:36:15.516-0600 [DEBUG] [org.gradle.cache.internal.DefaultFileLockManager] Waiting to acquire shared lock on daemon addresses registry.
2025-11-15T11:36:15.516-0600 [DEBUG] [org.gradle.cache.internal.DefaultFileLockManager] Lock acquired on daemon addresses registry.
2025-11-15T11:36:15.517-0600 [DEBUG] [org.gradle.cache.internal.DefaultFileLockManager] Releasing lock on daemon addresses registry.
2025-11-15T11:36:15.518-0600 [DEBUG] [org.gradle.cache.internal.DefaultFileLockManager] Waiting to acquire shared lock on daemon addresses registry.
2025-11-15T11:36:15.518-0600 [DEBUG] [org.gradle.cache.internal.DefaultFileLockManager] Lock acquired on daemon addresses registry.
2025-11-15T11:36:15.519-0600 [DEBUG] [org.gradle.cache.internal.DefaultFileLockManager] Releasing lock on daemon addresses registry.
2025-11-15T11:36:25.514-0600 [DEBUG] [org.gradle.cache.internal.DefaultFileLockManager] Waiting to acquire shared lock on daemon addresses registry.
2025-11-15T11:36:25.515-0600 [DEBUG] [org.gradle.cache.internal.DefaultFileLockManager] Lock acquired on daemon addresses registry.
2025-11-15T11:36:25.515-0600 [DEBUG] [org.gradle.cache.internal.DefaultFileLockManager] Releasing lock on daemon addresses registry.
2025-11-15T11:36:25.517-0600 [DEBUG] [org.gradle.cache.internal.DefaultFileLockManager] Waiting to acquire shared lock on daemon addresses registry.
2025-11-15T11:36:25.518-0600 [DEBUG] [org.gradle.cache.internal.DefaultFileLockManager] Lock acquired on daemon addresses registry.
2025-11-15T11:36:25.518-0600 [DEBUG] [org.gradle.cache.internal.DefaultFileLockManager] Releasing lock on daemon addresses registry.
2025-11-15T11:36:25.520-0600 [DEBUG] [org.gradle.cache.internal.DefaultFileLockManager] Waiting to acquire shared lock on daemon addresses registry.
2025-11-15T11:36:25.520-0600 [DEBUG] [org.gradle.cache.internal.DefaultFileLockManager] Lock acquired on daemon addresses registry.
2025-11-15T11:36:25.521-0600 [DEBUG] [org.gradle.cache.internal.DefaultFileLockManager] Releasing lock on daemon addresses registry.
2025-11-15T11:36:35.514-0600 [DEBUG] [org.gradle.cache.internal.DefaultFileLockManager] Waiting to acquire shared lock on daemon addresses registry.
2025-11-15T11:36:35.515-0600 [DEBUG] [org.gradle.cache.internal.DefaultFileLockManager] Lock acquired on daemon addresses registry.
2025-11-15T11:36:35.515-0600 [DEBUG] [org.gradle.cache.internal.DefaultFileLockManager] Releasing lock on daemon addresses registry.
2025-11-15T11:36:35.518-0600 [DEBUG] [org.gradle.cache.internal.DefaultFileLockManager] Waiting to acquire shared lock on daemon addresses registry.
2025-11-15T11:36:35.518-0600 [DEBUG] [org.gradle.cache.internal.DefaultFileLockManager] Lock acquired on daemon addresses registry.
2025-11-15T11:36:35.518-0600 [DEBUG] [org.gradle.cache.internal.DefaultFileLockManager] Releasing lock on daemon addresses registry.
2025-11-15T11:36:35.520-0600 [DEBUG] [org.gradle.cache.internal.DefaultFileLockManager] Waiting to acquire shared lock on daemon addresses registry.
2025-11-15T11:36:35.521-0600 [DEBUG] [org.gradle.cache.internal.DefaultFileLockManager] Lock acquired on daemon addresses registry.
2025-11-15T11:36:35.521-0600 [DEBUG] [org.gradle.cache.internal.DefaultFileLockManager] Releasing lock on daemon addresses registry.
2025-11-15T11:36:36.805-0600 [DEBUG] [org.gradle.internal.remote.internal.inet.TcpIncomingConnector] Accepted connection from /127.0.0.1:61824 to /127.0.0.1:55785.
2025-11-15T11:36:36.814-0600 [DEBUG] [org.gradle.launcher.daemon.server.SynchronizedDispatchConnection] thread 260: received class org.gradle.launcher.daemon.protocol.StopWhenIdle
2025-11-15T11:36:36.814-0600 [DEBUG] [org.gradle.launcher.daemon.server.DefaultDaemonConnection] thread 260: Received non-IO message from client: StopWhenIdle[id=f72053f9-5e55-4c7f-b82b-d70da42f0340]
2025-11-15T11:36:36.815-0600 [INFO] [org.gradle.launcher.daemon.server.DefaultIncomingConnectionHandler] Received command: StopWhenIdle[id=f72053f9-5e55-4c7f-b82b-d70da42f0340].
2025-11-15T11:36:36.815-0600 [DEBUG] [org.gradle.launcher.daemon.server.DefaultIncomingConnectionHandler] Starting executing command: StopWhenIdle[id=f72053f9-5e55-4c7f-b82b-d70da42f0340] with connection: socket connection from /127.0.0.1:55785 to /127.0.0.1:61824.
2025-11-15T11:36:36.815-0600 [DEBUG] [org.gradle.launcher.daemon.server.DaemonRegistryUpdater] Storing daemon stop event: stop command received
2025-11-15T11:36:36.816-0600 [DEBUG] [org.gradle.launcher.daemon.registry.PersistentDaemonRegistry] Storing daemon stop event with timestamp 1763228196817
2025-11-15T11:36:36.818-0600 [DEBUG] [org.gradle.cache.internal.DefaultFileLockManager] Waiting to acquire exclusive lock on daemon addresses registry.
2025-11-15T11:36:36.819-0600 [DEBUG] [org.gradle.cache.internal.DefaultFileLockManager] Lock acquired on daemon addresses registry.
2025-11-15T11:36:36.820-0600 [DEBUG] [org.gradle.cache.internal.DefaultFileLockManager] Releasing lock on daemon addresses registry.
2025-11-15T11:36:36.821-0600 [LIFECYCLE] [org.gradle.launcher.daemon.server.DaemonStateCoordinator] Daemon will be stopped at the end of the build stop command received
2025-11-15T11:36:36.821-0600 [DEBUG] [org.gradle.launcher.daemon.server.DaemonStateCoordinator] Marking daemon stopped due to stop command received. The daemon is not running a build
2025-11-15T11:36:36.821-0600 [DEBUG] [org.gradle.launcher.daemon.server.DaemonStateCoordinator] daemon has stopped.
2025-11-15T11:36:36.821-0600 [DEBUG] [org.gradle.launcher.daemon.server.SynchronizedDispatchConnection] thread 259: dispatching Success[value=null]
2025-11-15T11:36:36.822-0600 [DEBUG] [org.gradle.launcher.daemon.server.DefaultIncomingConnectionHandler] Finishing executing command: StopWhenIdle[id=f72053f9-5e55-4c7f-b82b-d70da42f0340]
2025-11-15T11:36:36.822-0600 [DEBUG] [org.gradle.launcher.daemon.server.Daemon] stop() called on daemon
2025-11-15T11:36:36.822-0600 [DEBUG] [org.gradle.launcher.daemon.server.SynchronizedDispatchConnection] thread 260: received class org.gradle.launcher.daemon.protocol.Finished
2025-11-15T11:36:36.822-0600 [INFO] [org.gradle.launcher.daemon.server.Daemon] Stop requested. Daemon is removing its presence from the registry...
2025-11-15T11:36:36.823-0600 [DEBUG] [org.gradle.launcher.daemon.server.DefaultDaemonConnection] thread 260: Received non-IO message from client: org.gradle.launcher.daemon.protocol.Finished@3b1233b2
2025-11-15T11:36:36.823-0600 [DEBUG] [org.gradle.launcher.daemon.server.DaemonRegistryUpdater] Removing our presence to clients, eg. removing this address from the registry: [f49b77dd-8ec2-4031-8bc5-4d3636941ee9 port:55785, addresses:[localhost/127.0.0.1]]
2025-11-15T11:36:36.823-0600 [DEBUG] [org.gradle.launcher.daemon.server.DefaultIncomingConnectionHandler] Received finished message: org.gradle.launcher.daemon.protocol.Finished@3b1233b2
2025-11-15T11:36:36.823-0600 [DEBUG] [org.gradle.launcher.daemon.registry.PersistentDaemonRegistry] Removing daemon address: [f49b77dd-8ec2-4031-8bc5-4d3636941ee9 port:55785, addresses:[localhost/127.0.0.1]]
2025-11-15T11:36:36.823-0600 [DEBUG] [org.gradle.internal.remote.internal.inet.SocketConnection] Discarding EOFException: java.io.EOFException
2025-11-15T11:36:36.823-0600 [DEBUG] [org.gradle.launcher.daemon.server.SynchronizedDispatchConnection] thread 259: stopping connection
2025-11-15T11:36:36.824-0600 [DEBUG] [org.gradle.launcher.daemon.server.SynchronizedDispatchConnection] thread 260: received null
2025-11-15T11:36:36.824-0600 [DEBUG] [org.gradle.launcher.daemon.server.DefaultDaemonConnection] thread 260: Received end-of-input from client.
2025-11-15T11:36:36.824-0600 [DEBUG] [org.gradle.launcher.daemon.server.SynchronizedDispatchConnection] thread 259: stopping connection
2025-11-15T11:36:36.825-0600 [DEBUG] [org.gradle.cache.internal.DefaultFileLockManager] Waiting to acquire exclusive lock on daemon addresses registry.
2025-11-15T11:36:36.826-0600 [DEBUG] [org.gradle.cache.internal.DefaultFileLockManager] Lock acquired on daemon addresses registry.
2025-11-15T11:36:36.827-0600 [DEBUG] [org.gradle.cache.internal.DefaultFileLockManager] Releasing lock on daemon addresses registry.
2025-11-15T11:36:36.828-0600 [DEBUG] [org.gradle.launcher.daemon.server.DaemonRegistryUpdater] Address removed from registry.
2025-11-15T11:36:36.836-0600 [DEBUG] [org.gradle.cache.internal.LockOnDemandCrossProcessCacheAccess] Releasing file lock for jars (C:\Users\max75\Downloads\CodigoPlats-master\caches\jars-9)
2025-11-15T11:36:36.836-0600 [DEBUG] [org.gradle.cache.internal.DefaultFileLockManager] Releasing lock on jars (C:\Users\max75\Downloads\CodigoPlats-master\caches\jars-9).
2025-11-15T11:36:36.837-0600 [DEBUG] [org.gradle.cache.internal.DefaultCacheCleanupExecutor] jars (C:\Users\max75\Downloads\CodigoPlats-master\caches\jars-9) has last been fully cleaned up 1 hours ago
2025-11-15T11:36:36.838-0600 [DEBUG] [org.gradle.cache.internal.DefaultCacheCleanupExecutor] Skipping cleanup for jars (C:\Users\max75\Downloads\CodigoPlats-master\caches\jars-9) as it is not yet due
2025-11-15T11:36:36.838-0600 [DEBUG] [org.gradle.cache.internal.LockOnDemandCrossProcessCacheAccess] Releasing file lock for file content cache (C:\Users\max75\Downloads\CodigoPlats-master\caches\8.13\fileContent)
2025-11-15T11:36:36.838-0600 [DEBUG] [org.gradle.cache.internal.DefaultFileLockManager] Releasing lock on file content cache (C:\Users\max75\Downloads\CodigoPlats-master\caches\8.13\fileContent).
2025-11-15T11:36:36.839-0600 [DEBUG] [org.gradle.internal.watch.vfs.impl.WatchingVirtualFileSystem] Closing VFS, dropping state
2025-11-15T11:36:36.840-0600 [DEBUG] [org.gradle.cache.internal.LockOnDemandCrossProcessCacheAccess] Releasing file lock for Generated Gradle JARs cache (C:\Users\max75\Downloads\CodigoPlats-master\caches\8.13\generated-gradle-jars)
2025-11-15T11:36:36.840-0600 [DEBUG] [org.gradle.internal.watch.registry.impl.DefaultFileWatcherRegistry] Finished listening to file system change events
2025-11-15T11:36:36.841-0600 [DEBUG] [org.gradle.cache.internal.DefaultFileLockManager] Releasing lock on Generated Gradle JARs cache (C:\Users\max75\Downloads\CodigoPlats-master\caches\8.13\generated-gradle-jars).
2025-11-15T11:36:36.841-0600 [DEBUG] [org.gradle.cache.internal.LockOnDemandCrossProcessCacheAccess] Releasing file lock for artifact cache (C:\Users\max75\Downloads\CodigoPlats-master\caches\modules-2)
2025-11-15T11:36:36.842-0600 [DEBUG] [org.gradle.cache.internal.btree.BTreePersistentIndexedCache] Closing cache module-artifact.bin (C:\Users\max75\Downloads\CodigoPlats-master\caches\modules-2\metadata-2.107\module-artifact.bin)
2025-11-15T11:36:36.842-0600 [DEBUG] [org.gradle.cache.internal.btree.BTreePersistentIndexedCache] Closing cache module-metadata.bin (C:\Users\max75\Downloads\CodigoPlats-master\caches\modules-2\metadata-2.107\module-metadata.bin)
2025-11-15T11:36:36.842-0600 [DEBUG] [org.gradle.cache.internal.DefaultFileLockManager] Releasing lock on artifact cache (C:\Users\max75\Downloads\CodigoPlats-master\caches\modules-2).
2025-11-15T11:36:36.843-0600 [DEBUG] [org.gradle.cache.internal.DefaultCacheCleanupExecutor] artifact cache (C:\Users\max75\Downloads\CodigoPlats-master\caches\modules-2) has last been fully cleaned up 1 hours ago
2025-11-15T11:36:36.843-0600 [DEBUG] [org.gradle.cache.internal.DefaultCacheCleanupExecutor] Skipping cleanup for artifact cache (C:\Users\max75\Downloads\CodigoPlats-master\caches\modules-2) as it is not yet due
2025-11-15T11:36:36.844-0600 [DEBUG] [org.gradle.cache.internal.DefaultCacheCleanupExecutor] groovy-dsl (C:\Users\max75\Downloads\CodigoPlats-master\caches\8.13\groovy-dsl) has last been fully cleaned up 1 hours ago
2025-11-15T11:36:36.844-0600 [DEBUG] [org.gradle.cache.internal.DefaultCacheCleanupExecutor] Skipping cleanup for groovy-dsl (C:\Users\max75\Downloads\CodigoPlats-master\caches\8.13\groovy-dsl) as it is not yet due
2025-11-15T11:36:36.844-0600 [DEBUG] [org.gradle.cache.internal.DefaultCacheCoordinator] Cache groovy-dsl (C:\Users\max75\Downloads\CodigoPlats-master\caches\8.13\groovy-dsl) was closed 0 times.
2025-11-15T11:36:36.844-0600 [DEBUG] [org.gradle.cache.internal.DefaultCacheCleanupExecutor] Artifact transforms cache (C:\Users\max75\Downloads\CodigoPlats-master\caches\8.13\transforms) has last been fully cleaned up 1 hours ago
2025-11-15T11:36:36.845-0600 [DEBUG] [org.gradle.cache.internal.DefaultCacheCleanupExecutor] Skipping cleanup for Artifact transforms cache (C:\Users\max75\Downloads\CodigoPlats-master\caches\8.13\transforms) as it is not yet due
2025-11-15T11:36:36.845-0600 [DEBUG] [org.gradle.cache.internal.DefaultCacheCoordinator] Cache Artifact transforms cache (C:\Users\max75\Downloads\CodigoPlats-master\caches\8.13\transforms) was closed 0 times.
2025-11-15T11:36:36.845-0600 [DEBUG] [org.gradle.cache.internal.DefaultCacheCleanupExecutor] kotlin-dsl (C:\Users\max75\Downloads\CodigoPlats-master\caches\8.13\kotlin-dsl) has last been fully cleaned up 1 hours ago
2025-11-15T11:36:36.845-0600 [DEBUG] [org.gradle.cache.internal.DefaultCacheCleanupExecutor] Skipping cleanup for kotlin-dsl (C:\Users\max75\Downloads\CodigoPlats-master\caches\8.13\kotlin-dsl) as it is not yet due
2025-11-15T11:36:36.845-0600 [DEBUG] [org.gradle.cache.internal.DefaultCacheCoordinator] Cache kotlin-dsl (C:\Users\max75\Downloads\CodigoPlats-master\caches\8.13\kotlin-dsl) was closed 0 times.
2025-11-15T11:36:36.846-0600 [DEBUG] [org.gradle.cache.internal.LockOnDemandCrossProcessCacheAccess] Releasing file lock for journal cache (C:\Users\max75\Downloads\CodigoPlats-master\caches\journal-1)
2025-11-15T11:36:36.846-0600 [DEBUG] [org.gradle.cache.internal.btree.BTreePersistentIndexedCache] Closing cache file-access.bin (C:\Users\max75\Downloads\CodigoPlats-master\caches\journal-1\file-access.bin)
2025-11-15T11:36:36.846-0600 [DEBUG] [org.gradle.cache.internal.DefaultFileLockManager] Releasing lock on journal cache (C:\Users\max75\Downloads\CodigoPlats-master\caches\journal-1).
2025-11-15T11:36:36.847-0600 [DEBUG] [org.gradle.cache.internal.LockOnDemandCrossProcessCacheAccess] Releasing file lock for file hash cache (C:\Users\max75\Downloads\CodigoPlats-master\caches\8.13\fileHashes)
2025-11-15T11:36:36.848-0600 [DEBUG] [org.gradle.cache.internal.btree.BTreePersistentIndexedCache] Closing cache fileHashes.bin (C:\Users\max75\Downloads\CodigoPlats-master\caches\8.13\fileHashes\fileHashes.bin)
2025-11-15T11:36:36.848-0600 [DEBUG] [org.gradle.cache.internal.btree.BTreePersistentIndexedCache] Closing cache resourceHashesCache.bin (C:\Users\max75\Downloads\CodigoPlats-master\caches\8.13\fileHashes\resourceHashesCache.bin)
2025-11-15T11:36:36.849-0600 [DEBUG] [org.gradle.cache.internal.DefaultFileLockManager] Releasing lock on file hash cache (C:\Users\max75\Downloads\CodigoPlats-master\caches\8.13\fileHashes).
2025-11-15T11:36:36.851-0600 [DEBUG] [org.gradle.internal.operations.DefaultBuildOperationRunner] Build operation 'Deleting unused version-specific caches in C:\Users\max75\Downloads\CodigoPlats-master\caches' started
2025-11-15T11:36:36.852-0600 [DEBUG] [org.gradle.internal.operations.DefaultBuildOperationRunner] Completing Build operation 'Deleting unused version-specific caches in C:\Users\max75\Downloads\CodigoPlats-master\caches'
2025-11-15T11:36:36.852-0600 [DEBUG] [org.gradle.internal.operations.DefaultBuildOperationRunner] Build operation 'Deleting unused version-specific caches in C:\Users\max75\Downloads\CodigoPlats-master\caches' completed
2025-11-15T11:36:36.852-0600 [DEBUG] [org.gradle.launcher.daemon.server.Daemon] stop() called on daemon
2025-11-15T11:36:36.853-0600 [INFO] [org.gradle.launcher.daemon.server.Daemon] Stop requested. Daemon is removing its presence from the registry...
2025-11-15T11:36:36.853-0600 [DEBUG] [org.gradle.launcher.daemon.server.DaemonRegistryUpdater] Removing our presence to clients, eg. removing this address from the registry: [f49b77dd-8ec2-4031-8bc5-4d3636941ee9 port:55785, addresses:[localhost/127.0.0.1]]
2025-11-15T11:36:36.853-0600 [DEBUG] [org.gradle.launcher.daemon.registry.PersistentDaemonRegistry] Removing daemon address: [f49b77dd-8ec2-4031-8bc5-4d3636941ee9 port:55785, addresses:[localhost/127.0.0.1]]
2025-11-15T11:36:36.854-0600 [DEBUG] [org.gradle.cache.internal.DefaultFileLockManager] Waiting to acquire exclusive lock on daemon addresses registry.
2025-11-15T11:36:36.855-0600 [DEBUG] [org.gradle.cache.internal.DefaultFileLockManager] Lock acquired on daemon addresses registry.
2025-11-15T11:36:36.857-0600 [DEBUG] [org.gradle.cache.internal.DefaultFileLockManager] Releasing lock on daemon addresses registry.
2025-11-15T11:36:36.857-0600 [DEBUG] [org.gradle.launcher.daemon.server.DaemonRegistryUpdater] Address removed from registry.
2025-11-15T11:36:36.858-0600 [DEBUG] [org.gradle.cache.internal.locklistener.DefaultFileLockContentionHandler] File lock listener thread completed.
2025-11-15T11:36:36.861-0600 [DEBUG] [java.lang.Runtime] Runtime.exit() called with status: 0
java.lang.Throwable: Runtime.exit(0)
	at java.base/java.lang.Shutdown.logRuntimeExit(Unknown Source)
	at java.base/java.lang.Shutdown.exit(Unknown Source)
	at java.base/java.lang.Runtime.exit(Unknown Source)
	at java.base/java.lang.System.exit(Unknown Source)
	at org.gradle.launcher.bootstrap.ProcessCompleter.complete(ProcessCompleter.java:21)
	at org.gradle.launcher.bootstrap.EntryPoint.run(EntryPoint.java:61)
	at java.base/jdk.internal.reflect.DirectMethodHandleAccessor.invoke(Unknown Source)
	at java.base/java.lang.reflect.Method.invoke(Unknown Source)
	at org.gradle.launcher.bootstrap.ProcessBootstrap.runNoExit(ProcessBootstrap.java:72)
	at org.gradle.launcher.bootstrap.ProcessBootstrap.run(ProcessBootstrap.java:39)
	at org.gradle.launcher.daemon.bootstrap.GradleDaemon.main(GradleDaemon.java:22)
Daemon vm is shutting down... The daemon has exited normally or was terminated in response to a user interrupt.
2025-11-15T11:36:36.863-0600 [DEBUG] [org.gradle.launcher.daemon.registry.PersistentDaemonRegistry] Removing daemon address: [f49b77dd-8ec2-4031-8bc5-4d3636941ee9 port:55785, addresses:[localhost/127.0.0.1]]
2025-11-15T11:36:36.864-0600 [DEBUG] [org.gradle.launcher.daemon.server.Daemon] VM shutdown hook was unable to remove the daemon address from the registry. It will be cleaned up later.
java.lang.IllegalStateException: Cannot start managing file contention because this handler has been closed.
	at org.gradle.cache.internal.locklistener.DefaultFileLockContentionHandler.assertNotStopped(DefaultFileLockContentionHandler.java:248)
	at org.gradle.cache.internal.locklistener.DefaultFileLockContentionHandler.reservePort(DefaultFileLockContentionHandler.java:286)
	at org.gradle.cache.internal.DefaultFileLockManager.lock(DefaultFileLockManager.java:124)
	at org.gradle.cache.internal.DefaultFileLockManager.lock(DefaultFileLockManager.java:106)
	at org.gradle.cache.internal.DefaultFileLockManager.lock(DefaultFileLockManager.java:101)
	at org.gradle.cache.internal.OnDemandFileAccess.updateFile(OnDemandFileAccess.java:51)
	at org.gradle.cache.internal.FileBackedObjectHolder.update(FileBackedObjectHolder.java:77)
	at org.gradle.cache.internal.FileIntegrityViolationSuppressingObjectHolderDecorator.lambda$update$0(FileIntegrityViolationSuppressingObjectHolderDecorator.java:48)
	at org.gradle.cache.internal.FileIntegrityViolationSuppressingObjectHolderDecorator.doUpdate(FileIntegrityViolationSuppressingObjectHolderDecorator.java:58)
	at org.gradle.cache.internal.FileIntegrityViolationSuppressingObjectHolderDecorator.update(FileIntegrityViolationSuppressingObjectHolderDecorator.java:48)
	at org.gradle.launcher.daemon.registry.PersistentDaemonRegistry.remove(PersistentDaemonRegistry.java:133)
	at org.gradle.launcher.daemon.server.Daemon$1.run(Daemon.java:133)
	at java.base/java.lang.Thread.run(Unknown Source)
